0:100  0:100  MemLog inited, TSC freq: 2496366780
0:100  0:000  CPU was calibrated with RTC
0:100  0:000  
0:100  0:000  Now is 26.11.2019,  16:44:8 (GMT)
0:100  0:000  Starting Clover revision: 5070 on American Megatrends EFI
0:100  0:000  Build with: [Args: -D NO_GRUB_DRIVERS_EMBEDDED | -D NO_GRUB_DRIVERS_EMBEDDED -D USE_LOW_EBDA -a X64 -b RELEASE -t XCODE8 -n 5 | OS: 10.14.6 | XCODE: 10.3]
0:100  0:000  SelfDevicePath=PciRoot(0x0)\Pci(0x1D,0x0)\Pci(0x0,0x0)\NVMe(0x1,F9-17-B1-81-59-38-25-00)\HD(1,GPT,57FA67A1-B541-4212-A034-E1B556E1F32F,0x800,0x96000) @779B2918
0:100  0:000  SelfDirPath = \EFI\CLOVER
0:100  0:000  SimpleTextEx Status=Success
0:100  0:000  === [ Get Smbios ] ========================================
0:100  0:000  Type 16 Index = 0
0:100  0:000  Total Memory Slots Count = 2
0:100  0:000  Type 17 Index = 0
0:100  0:000  SmbiosTable.Type17->Speed = 2133MHz
0:100  0:000  SmbiosTable.Type17->Size = 8192MB
0:100  0:000  SmbiosTable.Type17->Bank/Device = BANK 0 Bottom - Slot 1 (top)
0:100  0:000  SmbiosTable.Type17->Vendor = Kingston
0:100  0:000  SmbiosTable.Type17->SerialNumber = 201A442D
0:100  0:000  SmbiosTable.Type17->PartNumber = 9905624-008.A00G    
0:100  0:000  Type 17 Index = 1
0:100  0:000  SmbiosTable.Type17->Speed = 2667MHz
0:100  0:000  SmbiosTable.Type17->Size = 8192MB
0:100  0:000  SmbiosTable.Type17->Bank/Device = BANK 2 Bottom - Slot 2 (under)
0:100  0:000  SmbiosTable.Type17->Vendor = Kingston
0:100  0:000  SmbiosTable.Type17->SerialNumber = 071EC9CB
0:100  0:000  SmbiosTable.Type17->PartNumber = HP26D4S9S8MHF-8     
0:100  0:000  Boot status=0
0:100  0:000  Running on: 'OMEN by HP Laptop 15-ce007TX ALL' with board '838F'
0:100  0:000  === [ GetCPUProperties ] ==================================
0:100  0:000  CPU Vendor = 756E6547 Model=906E9
0:100  0:000   The CPU supported SSE4.1
0:100  0:000  BrandString = Intel(R) Core(TM) i5-7300HQ CPU @ 2.50GHz
0:100  0:000   The CPU supported turbo
0:100  0:000  MSR 0x35               40004
0:100  0:000   TSC/CCC Information Leaf:
0:100  0:000    numerator     : 208
0:100  0:000    denominator   : 2
0:100  0:000   Calibrated ARTFrequency: 24003526
0:100  0:000   Rounded ARTFrequency: 24100000
0:100  0:000  MSR 0xE2 before patch 1E008008
0:100  0:000  MSR 0xE2 is locked, PM patches will be turned on
0:100  0:000  MSR 0xCE              0008083B_F1011900
0:100  0:000  corrected FLEX_RATIO = 0
0:100  0:000  MSR 0x1B0             00000000
0:100  0:000  FSBFrequency = 100 MHz, DMI FSBFrequency = 100 MHz, Corrected FSBFrequency = 100 MHz
0:100  0:000  MaxDiv/MinDiv: 25.0/8
0:100  0:000  Turbo: 31/32/33/35
0:100  0:000  Features: 0xBFEBFBFF
0:100  0:000  Threads: 4
0:100  0:000  Cores: 4
0:100  0:000  FSB: 100 MHz
0:100  0:000  CPU: 2500 MHz
0:100  0:000  TSC: 2500 MHz
0:100  0:000  PIS: 100 MHz
0:100  0:000  ExternalClock: 25 MHz
0:100  0:000  === [ GetDevices ] ========================================
0:100  0:000  GOP found at: PciRoot(0x0)/Pci(0x2,0x0)/AcpiAdr(0x80011400)
0:100  0:000  PCI (00|00:00.00) : 8086 5910 class=060000
0:100  0:000  PCI (00|00:01.00) : 8086 1901 class=060400
0:100  0:000  PCI (00|01:00.00) : 10DE 1C8C class=030000
0:100  0:000   - GFX: Model=Unknown family 137 (Pascal)
0:100  0:000  PCI (00|01:00.01) : FFFF FFFF class=FFFFFF
0:100  0:000  PCI (00|00:02.00) : 8086 591B class=030000
0:100  0:000   - GOP: Provided by device
0:100  0:000   - GFX: Model=Intel HD Graphics 630 (Intel)
0:100  0:000  PCI (00|00:04.00) : 8086 1903 class=118000
0:101  0:000  PCI (00|00:14.00) : 8086 A12F class=0C0330
0:101  0:000  PCI (00|00:14.02) : 8086 A131 class=118000
0:101  0:000  PCI (00|00:15.00) : 8086 A160 class=118000
0:101  0:000  PCI (00|00:16.00) : 8086 A13A class=078000
0:101  0:000  PCI (00|00:17.00) : 8086 A103 class=010601
0:101  0:000  PCI (00|00:1C.00) : 8086 A110 class=060400
0:101  0:000  PCI (00|00:1C.04) : 8086 A114 class=060400
0:101  0:000  PCI (00|03:00.00) : 10EC 8168 class=020000
0:101  0:000   - LAN: 0 Vendor=Realtek
0:101  0:000  PCI (00|00:1C.05) : 8086 A115 class=060400
0:101  0:000  PCI (00|04:00.00) : 14E4 43A0 class=028000
0:101  0:000   - WIFI: Vendor=Broadcom
0:101  0:000  PCI (00|00:1C.06) : 8086 A116 class=060400
0:101  0:000  PCI (00|05:00.00) : 10EC 522A class=FF0000
0:101  0:000  PCI (00|00:1D.00) : 8086 A118 class=060400
0:101  0:000  PCI (00|06:00.00) : 144D A808 class=010802
0:101  0:000  PCI (00|00:1F.00) : 8086 A152 class=060100
0:101  0:000  PCI (00|00:1F.02) : 8086 A121 class=058000
0:101  0:000  PCI (00|00:1F.03) : 8086 A171 class=040380
0:101  0:000  PCI (00|00:1F.04) : 8086 A123 class=0C0500
0:101  0:000  === [ GetDefaultSettings ] ================================
0:101  0:000  Clover load options size = 0 bytes
0:102  0:000  EFI\CLOVER\config.plist loaded: Success
0:102  0:000  === [ GetListOfThemes ] ===================================
0:103  0:000  - [00]: Catalina
0:103  0:000  === [ Found config plists ] ===============================
0:103  0:000  - config.plist
0:104  0:000  === [ GetEarlyUserSettings ] ==============================
0:104  0:000  timeout set to 3
0:104  0:000  Custom boot CUSTOM_BOOT_DISABLED (0x0)
0:104  0:000  ForceKextsToLoad: 1 requested
0:104  0:000   - [0]: System\Library\Extensions\IONetworkingFamily.kext
0:104  0:000  KextsToPatch: 3 requested
0:104  0:000   - [00]: AppleIntelLpssI2C (Disable AppleIntelLpssI2C (credit by Coolstar)) :: PlistPatch :: data len: 5
0:104  0:000   - [01]: AppleIntelLpssI2CController (Disable AppleIntelLpssI2CCOntroller (credit by Coolstar)) :: PlistPatch :: data len: 5
0:104  0:000   - [02]: IOBufferCopyController (disable IOBufferCopyController (Credit by DalianSky)) :: PlistPatch :: data len: 5
0:104  0:000  KernelToPatch: 1 requested
0:104  0:000   - [00]: MSR 0xE2 _xcpm_idle instant reboot(c) Pike R. Alpha :: data len: 8
0:104  0:000  Default theme: Catalina
0:104  0:000  Hiding entries with string Preboot
0:104  0:000  Hiding entries with string Recovery
0:104  0:000  Hiding entries with string Windows
0:104  0:000  Hiding entries with string Legacy
0:104  0:000  === [ LoadDrivers ] =======================================
0:105  0:000  Loading apfs.efi  status=Success
0:115  0:010   - driver needs connecting
0:115  0:000  Loading ApfsDriverLoader.efi  status=Success
0:117  0:002   - driver needs connecting
0:117  0:000  Loading AptioMemoryFix-64.efi  status=Success
0:221  0:103  Loading AudioDxe.efi  status=Success
0:224  0:003   - driver needs connecting
0:224  0:000  Loading DataHubDxe.efi  status=Success
0:228  0:003  Loading EmuVariableUefi.efi  status=Success
0:231  0:002  EmuVariableUefi Initialize: VariableCommonInitialize = Success, orig services stored, install gEmuVariableControlProtocolGuid = Success
0:231  0:000  Loading FSInject.efi  status=Success
0:234  0:003  Loading NvmExpressDxe.efi  status=Success
0:237  0:002   - driver needs connecting
0:237  0:000  Loading PartitionDxe.efi  status=Success
0:240  0:003   - driver needs connecting
0:240  0:000  Loading SMCHelper.efi  status=Success
0:243  0:002  Loading VBoxExt4.efi  status=Success
0:245  0:002   - driver needs connecting
0:245  0:000  Loading VBoxHfs.efi  status=Success
0:249  0:003   - driver needs connecting
0:249  0:000  7 drivers needs connecting ...
0:249  0:000  PlatformDriverOverrideProtocol not found. Installing ... Success
0:249  0:000  Partition driver loaded: 
0:249  0:000  APFS driver loaded
0:249  0:000  Searching for invalid DiskIo BY_DRIVER connects: not found, all ok
4:234  3:985  EmuVariable InstallEmulation: orig vars copied, emu.var.services installed, CreateEvent VirtualAddressChange = Success, CreateEvent ExitBootServices = Success, set Status=Success
4:321  0:087  === [ InitScreen ] ========================================
4:321  0:000  Console modes reported: 5, available modes:
4:321  0:000   - [01]: 80x25
4:321  0:000   - [03]: 100x31
4:321  0:000   - [04]: 128x40
4:321  0:000   - [05]: 240x56 (current mode)
4:322  0:000  SetScreenResolution: 1920x1080 - already set
4:322  0:000  reinit: self device path=PciRoot(0x0)\Pci(0x1D,0x0)\Pci(0x0,0x0)\NVMe(0x1,F9-17-B1-81-59-38-25-00)\HD(1,GPT,57FA67A1-B541-4212-A034-E1B556E1F32F,0x800,0x96000)
4:322  0:000  Using embedded font: Success
4:323  0:000  === [ GetMacAddress ] =====================================
4:323  0:000  === [ ScanSPD ] ===========================================
4:324  0:000  Scanning SMBus [8086:A123], mmio: 0xDF232004, ioport: 0xF040, hostc: 0x11
4:342  0:018  Slot: 0 Type 26 8192MB 2132MHz Vendor=Kingston PartNo=9905624-008.A00G SerialNo=0200010A0404020D
4:361  0:018  Slot: 2 Type 26 8192MB 2666MHz Vendor=Kingston PartNo=HP26D4S9S8MHF-8 SerialNo=0007010E0C090C0B
4:362  0:000  === [ GetAcpiTablesList ] =================================
4:362  0:000  Get Acpi Tables List from RSDT:
4:362  0:000   - [00]: FACP  SLIC-MPC len=132
4:362  0:000   - [01]: APIC  838F     len=132
4:362  0:000   - [02]: FPDT  838F     len=68
4:362  0:000   - [03]: FIDT  838F     len=156
4:362  0:000   - [04]: MCFG  838F     len=60
4:362  0:000   - [05]: SSDT  838F     len=857
4:362  0:000   - [06]: SSDT  838F     len=14763
4:362  0:000   - [07]: SSDT  838F     len=100
4:362  0:000   - [08]: MSDM  SLIC-MPC len=85
4:362  0:000   - [09]: SSDT  838F     len=12632
4:362  0:000   - [10]: SSDT  838F     len=10217
4:362  0:000   - [11]: HPET  838F     len=56
4:362  0:000   - [12]: SSDT  838F     len=2302
4:362  0:000   - [13]: UEFI  838F     len=66
4:362  0:000   - [14]: SSDT  838F     len=6062
4:362  0:000   - [15]: LPIT  838F     len=148
4:362  0:000   - [16]: SSDT  838F     len=321
4:362  0:000   - [17]: SSDT  838F     len=671
4:362  0:000   - [18]: SSDT  838F     len=4583
4:362  0:000   - [19]: SSDT  838F     len=694
4:362  0:000   - [20]: SSDT  838F     len=745
4:362  0:000   - [21]: DBGP  838F     len=52
4:362  0:000   - [22]: DBG2  838F     len=84
4:362  0:000   - [23]: SSDT  838F     len=174
4:362  0:000   - [24]: DMAR  838F     len=204
4:362  0:000   - [25]: NHLT  838F     len=45
4:362  0:000   - [26]: TPM2  838F     len=52
4:362  0:000   - [27]: SSDT  838F     len=7701
4:362  0:000   - [28]: ASF!  838F     len=160
4:362  0:000   - [29]: WSMT  838F     len=40
4:362  0:000   - [30]: BGRT  838F     len=56
4:362  0:000  Calibrated TSC Frequency = 2496366780 = 2496MHz
4:362  0:000  === [ GetUserSettings ] ===================================
4:362  0:000  USB FixOwnership: yes
4:362  0:000   - final DSDT Fix mask=01000004
4:362  0:000  Using ProductName from config: MacBookPro14,3
4:362  0:000  Using latest BiosVersion from clover
4:362  0:000  BiosVersion: MBP143.88Z.F000.B00.1906171614
4:362  0:000  BiosReleaseDate: 06/17/2019
4:362  0:000  Using latest EfiVersion from clover: 198.0.0.0.0
4:362  0:000  Using FirmwareFeatures from config: 0xFC0FE13F
4:362  0:000  Using FirmwareFeaturesMask from config: 0xFF1FFF3F
4:362  0:000  Board-ID set from config as Mac-551B86E5744E2388
4:362  0:000  BoardType: 0xA
4:362  0:000  ChassisType: 0x9
4:362  0:000  Converted CustomUUID F408CFBF-D8E9-5383-B524-D3A1595C0946
4:362  0:000  === [ Found DSDT tables ] =================================
4:363  0:000  - DSDT.aml
4:412  0:049  === [ ScanVolumes ] =======================================
4:412  0:000  Found 11 volumes with blockIO
4:412  0:000  - [00]: Volume: PciRoot(0x0)\Pci(0x17,0x0)\Sata(0x2,0xFFFF,0x0)
4:413  0:000  - [01]: Volume: PciRoot(0x0)\Pci(0x17,0x0)\Sata(0x2,0xFFFF,0x0)\HD(1,GPT,17857468-A185-4059-850C-C56C76B3CE74,0x800,0x74706000)
4:413  0:000          Result of bootcode detection: bootable Windows (vista,win)
4:413  0:000          hiding this volume
4:413  0:000  - [02]: Volume: PciRoot(0x0)\Pci(0x1D,0x0)\Pci(0x0,0x0)\NVMe(0x1,F9-17-B1-81-59-38-25-00)
4:413  0:000  - [03]: Volume: PciRoot(0x0)\Pci(0x1D,0x0)\Pci(0x0,0x0)\NVMe(0x1,F9-17-B1-81-59-38-25-00)\HD(1,GPT,57FA67A1-B541-4212-A034-E1B556E1F32F,0x800,0x96000)
4:413  0:000          Result of bootcode detection: bootable Windows (vista,win)
4:414  0:000          This is SelfVolume !!
4:414  0:000  - [04]: Volume: PciRoot(0x0)\Pci(0x1D,0x0)\Pci(0x0,0x0)\NVMe(0x1,F9-17-B1-81-59-38-25-00)\HD(2,GPT,FCC5EBAC-FC24-4E10-B2B5-9E00CBAB00AD,0x96800,0xA000)
4:414  0:000          hiding this volume
4:414  0:000  - [05]: Volume: PciRoot(0x0)\Pci(0x1D,0x0)\Pci(0x0,0x0)\NVMe(0x1,F9-17-B1-81-59-38-25-00)\HD(3,GPT,036D3311-4D0A-4D58-9D8A-013B13C02F5E,0xA0800,0x10924800)
4:414  0:000          Result of bootcode detection: bootable Windows (vista,win)
4:414  0:000          hiding this volume
4:414  0:000  - [06]: Volume: PciRoot(0x0)\Pci(0x1D,0x0)\Pci(0x0,0x0)\NVMe(0x1,F9-17-B1-81-59-38-25-00)\HD(4,GPT,7461C9D8-0F1D-48C3-882F-581343B20ED7,0x109C5000,0xC800948)
4:414  0:000          Result of bootcode detection: bootable unknown (legacy)
4:414  0:000          hiding this volume
4:414  0:000  - [07]: Volume: PciRoot(0x0)\Pci(0x1D,0x0)\Pci(0x0,0x0)\NVMe(0x1,F9-17-B1-81-59-38-25-00)\HD(4,GPT,7461C9D8-0F1D-48C3-882F-581343B20ED7,0x109C5000,0xC800948)\VenMedia(BE74FCF7-0B7C-49F3-9147-01F4042E6842,9AABEA3F7F3C8C449E218E242649AD67)
4:414  0:000          hiding this volume
4:414  0:000  - [08]: Volume: PciRoot(0x0)\Pci(0x1D,0x0)\Pci(0x0,0x0)\NVMe(0x1,F9-17-B1-81-59-38-25-00)\HD(4,GPT,7461C9D8-0F1D-48C3-882F-581343B20ED7,0x109C5000,0xC800948)\VenMedia(BE74FCF7-0B7C-49F3-9147-01F4042E6842,AC315F86C3DC463295275D7AA26F0589)
4:414  0:000  - [09]: Volume: PciRoot(0x0)\Pci(0x1D,0x0)\Pci(0x0,0x0)\NVMe(0x1,F9-17-B1-81-59-38-25-00)\HD(4,GPT,7461C9D8-0F1D-48C3-882F-581343B20ED7,0x109C5000,0xC800948)\VenMedia(BE74FCF7-0B7C-49F3-9147-01F4042E6842,1E3B51BB74E8D94AB43286E140CD64EB)
4:414  0:000          hiding this volume
4:414  0:000  - [10]: Volume: PciRoot(0x0)\Pci(0x1D,0x0)\Pci(0x0,0x0)\NVMe(0x1,F9-17-B1-81-59-38-25-00)\HD(4,GPT,7461C9D8-0F1D-48C3-882F-581343B20ED7,0x109C5000,0xC800948)\VenMedia(BE74FCF7-0B7C-49F3-9147-01F4042E6842,701EBB07FDEBFF49AB6BE84A16332101)
4:415  0:000  PutNvramPlistToRtVars: nvram.plist not found
4:415  0:000  found 2 handles with audio
4:415  0:000  No AudioIoDevice stored
4:415  0:000  no stored audio parameters
4:415  0:000  === [ InitTheme ] =========================================
4:415  0:000  use daylight theme
4:416  0:001  Using theme 'Catalina' (EFI\CLOVER\themes\Catalina)
4:416  0:000  OS main and drive as badge
4:417  0:001    Channels: 1  Sample rate: 44100 Hz  Bits: 16
4:417  0:000  output to channel 0 with volume 70, len=228736
4:417  0:000   sound channels=1 bits=16 freq=44100
4:417  0:000  not found AudioIo to play
4:417  0:000  free sound
4:417  0:000  sound play end with status=Not Found
4:418  0:001  Loading font from ThemeDir: Success
4:419  0:000  theme inited
4:419  0:000  Chosen theme Catalina
4:419  0:000  after NVRAM boot-args=abm_firstpolldelay=10000 -wegnoegpu brcmfx-country=HK
4:419  0:000  === [ Dump SMC keys from NVRAM ] ==========================
4:419  0:000  found AppleSMC protocol
4:419  0:000  Registered 0 SMC keys
4:419  0:000  === [ ScanLoader ] ========================================
4:419  0:000  - [03]: 'EFI'
4:420  0:001          AddLoaderEntry for Volume Name=EFI
4:445  0:024          AddLoaderEntry for Volume Name=EFI
4:445  0:000          skipped because entry is hidden
4:445  0:000  - [07]: 'Preboot', hidden
4:445  0:000  - [08]: 'Mac'
4:449  0:004          AddLoaderEntry for Volume Name=Mac
4:450  0:000      Check if volume Is Hibernated:
4:450  0:000      Check sleep image 'by signature':
4:452  0:001      read prefs \Library\Preferences\com.apple.PowerManagement.plist status=Success
4:452  0:000      using default sleep image name = \private\var\vm\sleepimage
4:453  0:001      sleepimage not found -> Not Found
4:453  0:000      hibernated: no - sign
4:475  0:021  - [09]: 'Recovery', hidden
4:475  0:000  - [10]: 'VM'
4:496  0:021  Scanning legacy ...
4:496  0:000   1: 'Legacy HD1' (vista,win) hidden
4:496  0:000   3: 'EFI' (vista,win) add legacy
4:497  0:000   added 'Boot Windows from EFI' OSType=2 Icon=vista,win
4:497  0:000   5: 'Legacy HD3' (vista,win) hidden
4:497  0:000  === [ AddCustomTool ] =====================================
4:497  0:000  found tool \EFI\CLOVER\tools\Shell64U.efi
4:497  0:000  Checking EFI partition Volume 3 for Clover
4:497  0:000   Found Clover
4:498  0:000  EmuVariable UninstallEmulation: CloseEvent = Success, original var services restored
4:499  0:001  EmuVariable InstallEmulation: orig vars copied, emu.var.services installed, CreateEvent VirtualAddressChange = Success, CreateEvent ExitBootServices = Success, set Status=Success
4:587  0:087  === [ GetEfiBootDeviceFromNvram ] =========================
4:587  0:000  Default boot entry not found
4:587  0:000  EmuVariable UninstallEmulation: CloseEvent = Success, original var services restored
4:587  0:000  DefaultIndex=-1 and MainMenu.EntryCount=9
4:912  0:324  can't bear mouse at all! Status=Unsupported
4:912  0:000  GUI ready
7:616  2:704  can't bear mouse at sel! Status=Unsupported
7:988  0:371  can't bear mouse at sel! Status=Unsupported
8:985  0:997  can't bear mouse at sel! Status=Unsupported
9:268  0:282  can't bear mouse at sel! Status=Unsupported
10:078  0:809  can't bear mouse at sel! Status=Unsupported
10:373  0:295  can't bear mouse at sel! Status=Unsupported
11:218  0:845  can't bear mouse at sel! Status=Unsupported
11:848  0:629  can't bear mouse at sel! Status=Unsupported
12:482  0:634  exit from MainMenu 1
12:482  0:000  ParseBootOption: invalid input params
12:482  0:000  BootVariable of the entry is empty
12:482  0:000  EmuVariable UninstallEmulation: CloseEvent = Invalid Parameter, original var services restored
12:537  0:054  EfiLegacyBiosProtocolGuid: Not Found
17:481  4:944  SetScreenResolution: 1920x1080 - already set
17:773  0:291  can't bear mouse at all! Status=Unsupported
18:954  1:180  can't bear mouse at sel! Status=Unsupported
19:215  0:261  can't bear mouse at sel! Status=Unsupported
20:900  1:685  can't bear mouse at sel! Status=Unsupported
21:201  0:300  can't bear mouse at sel! Status=Unsupported
22:329  1:128  can't bear mouse at sel! Status=Unsupported
25:417  3:088  can't bear mouse at sel! Status=Unsupported
25:980  0:562  can't bear mouse at sel! Status=Unsupported
37:109  11:128  can't bear mouse at all! Status=Unsupported
38:118  1:008  can't bear mouse at sel! Status=Unsupported
41:972  3:854  can't bear mouse at all! Status=Unsupported
43:566  1:594  exit from MainMenu 8
43:566  0:000  ReinitSelfLib after theme change
43:566  0:000  reinit: self device path=PciRoot(0x0)\Pci(0x1D,0x0)\Pci(0x0,0x0)\NVMe(0x1,F9-17-B1-81-59-38-25-00)\HD(1,GPT,57FA67A1-B541-4212-A034-E1B556E1F32F,0x800,0x96000)
43:567  0:000  === [ ScanVolumes ] =======================================
43:567  0:000  Found 11 volumes with blockIO
43:567  0:000  - [00]: Volume: PciRoot(0x0)\Pci(0x17,0x0)\Sata(0x2,0xFFFF,0x0)
43:567  0:000  - [01]: Volume: PciRoot(0x0)\Pci(0x17,0x0)\Sata(0x2,0xFFFF,0x0)\HD(1,GPT,17857468-A185-4059-850C-C56C76B3CE74,0x800,0x74706000)
43:568  0:000          Result of bootcode detection: bootable Windows (vista,win)
43:568  0:000  - [02]: Volume: PciRoot(0x0)\Pci(0x1D,0x0)\Pci(0x0,0x0)\NVMe(0x1,F9-17-B1-81-59-38-25-00)
43:568  0:000  - [03]: Volume: PciRoot(0x0)\Pci(0x1D,0x0)\Pci(0x0,0x0)\NVMe(0x1,F9-17-B1-81-59-38-25-00)\HD(1,GPT,57FA67A1-B541-4212-A034-E1B556E1F32F,0x800,0x96000)
43:568  0:000          Result of bootcode detection: bootable Windows (vista,win)
43:568  0:000          This is SelfVolume !!
43:568  0:000  - [04]: Volume: PciRoot(0x0)\Pci(0x1D,0x0)\Pci(0x0,0x0)\NVMe(0x1,F9-17-B1-81-59-38-25-00)\HD(2,GPT,FCC5EBAC-FC24-4E10-B2B5-9E00CBAB00AD,0x96800,0xA000)
43:568  0:000  - [05]: Volume: PciRoot(0x0)\Pci(0x1D,0x0)\Pci(0x0,0x0)\NVMe(0x1,F9-17-B1-81-59-38-25-00)\HD(3,GPT,036D3311-4D0A-4D58-9D8A-013B13C02F5E,0xA0800,0x10924800)
43:568  0:000          Result of bootcode detection: bootable Windows (vista,win)
43:569  0:000  - [06]: Volume: PciRoot(0x0)\Pci(0x1D,0x0)\Pci(0x0,0x0)\NVMe(0x1,F9-17-B1-81-59-38-25-00)\HD(4,GPT,7461C9D8-0F1D-48C3-882F-581343B20ED7,0x109C5000,0xC800948)
43:569  0:000          Result of bootcode detection: bootable unknown (legacy)
43:569  0:000  - [07]: Volume: PciRoot(0x0)\Pci(0x1D,0x0)\Pci(0x0,0x0)\NVMe(0x1,F9-17-B1-81-59-38-25-00)\HD(4,GPT,7461C9D8-0F1D-48C3-882F-581343B20ED7,0x109C5000,0xC800948)\VenMedia(BE74FCF7-0B7C-49F3-9147-01F4042E6842,9AABEA3F7F3C8C449E218E242649AD67)
43:569  0:000  - [08]: Volume: PciRoot(0x0)\Pci(0x1D,0x0)\Pci(0x0,0x0)\NVMe(0x1,F9-17-B1-81-59-38-25-00)\HD(4,GPT,7461C9D8-0F1D-48C3-882F-581343B20ED7,0x109C5000,0xC800948)\VenMedia(BE74FCF7-0B7C-49F3-9147-01F4042E6842,AC315F86C3DC463295275D7AA26F0589)
43:569  0:000  - [09]: Volume: PciRoot(0x0)\Pci(0x1D,0x0)\Pci(0x0,0x0)\NVMe(0x1,F9-17-B1-81-59-38-25-00)\HD(4,GPT,7461C9D8-0F1D-48C3-882F-581343B20ED7,0x109C5000,0xC800948)\VenMedia(BE74FCF7-0B7C-49F3-9147-01F4042E6842,1E3B51BB74E8D94AB43286E140CD64EB)
43:569  0:000  - [10]: Volume: PciRoot(0x0)\Pci(0x1D,0x0)\Pci(0x0,0x0)\NVMe(0x1,F9-17-B1-81-59-38-25-00)\HD(4,GPT,7461C9D8-0F1D-48C3-882F-581343B20ED7,0x109C5000,0xC800948)\VenMedia(BE74FCF7-0B7C-49F3-9147-01F4042E6842,701EBB07FDEBFF49AB6BE84A16332101)
43:569  0:000  found 2 handles with audio
43:570  0:000  No AudioIoDevice stored
43:570  0:000  no stored audio parameters
43:570  0:000  theme inited
43:570  0:000  Chosen theme Catalina
43:570  0:000  after NVRAM boot-args=abm_firstpolldelay=10000 -wegnoegpu brcmfx-country=HK
43:570  0:000  === [ ScanLoader ] ========================================
43:570  0:000  - [03]: 'EFI'
43:571  0:000          AddLoaderEntry for Volume Name=EFI
43:593  0:022          AddLoaderEntry for Volume Name=EFI
43:595  0:001  - [07]: 'Preboot'
43:595  0:000          AddLoaderEntry for Volume Name=Preboot
43:595  0:000      Check if volume Is Hibernated:
43:595  0:000      Check sleep image 'by signature':
43:595  0:000      using default sleep image name = \private\var\vm\sleepimage
43:595  0:000      sleepimage not found -> Not Found
43:595  0:000      hibernated: no - sign
43:597  0:001          AddLoaderEntry for Volume Name=Preboot
43:617  0:020  - [08]: 'Mac'
43:617  0:000          AddLoaderEntry for Volume Name=Mac
43:618  0:000      Check if volume Is Hibernated:
43:618  0:000      Check sleep image 'by signature':
43:618  0:000      read prefs \Library\Preferences\com.apple.PowerManagement.plist status=Success
43:618  0:000      using default sleep image name = \private\var\vm\sleepimage
43:618  0:000      sleepimage not found -> Not Found
43:618  0:000      hibernated: no - sign
43:637  0:019  - [09]: 'Recovery'
43:637  0:000          AddLoaderEntry for Volume Name=Recovery
43:658  0:020  - [10]: 'VM'
43:676  0:018  Scanning legacy ...
43:676  0:000   1: 'Legacy HD1' (vista,win) add legacy
43:676  0:000   added 'Boot Windows from Legacy HD1' OSType=2 Icon=vista,win
43:676  0:000   3: 'EFI' (vista,win) add legacy
43:677  0:000   added 'Boot Windows from EFI' OSType=2 Icon=vista,win
43:677  0:000   5: 'Legacy HD3' (vista,win) add legacy
43:678  0:000   added 'Boot Windows from Legacy HD3' OSType=2 Icon=vista,win
43:678  0:000  === [ AddCustomTool ] =====================================
43:678  0:000  found tool \EFI\CLOVER\tools\Shell64U.efi
43:678  0:000  Checking EFI partition Volume 3 for Clover
43:678  0:000   Found Clover
43:678  0:000  EmuVariable UninstallEmulation: CloseEvent = Invalid Parameter, original var services restored
43:678  0:000  EmuVariable InstallEmulation: orig vars copied, emu.var.services installed, CreateEvent VirtualAddressChange = Success, CreateEvent ExitBootServices = Success, set Status=Success
43:777  0:098  === [ GetEfiBootDeviceFromNvram ] =========================
43:777  0:000  Default boot entry not found
43:777  0:000  EmuVariable UninstallEmulation: CloseEvent = Success, original var services restored
43:777  0:000  DefaultIndex=-1 and MainMenu.EntryCount=15
44:057  0:280  can't bear mouse at all! Status=Unsupported
44:658  0:600  exit from MainMenu 8
44:658  0:000  ReinitSelfLib after theme change
44:658  0:000  reinit: self device path=PciRoot(0x0)\Pci(0x1D,0x0)\Pci(0x0,0x0)\NVMe(0x1,F9-17-B1-81-59-38-25-00)\HD(1,GPT,57FA67A1-B541-4212-A034-E1B556E1F32F,0x800,0x96000)
44:658  0:000  === [ ScanVolumes ] =======================================
44:658  0:000  Found 11 volumes with blockIO
44:658  0:000  - [00]: Volume: PciRoot(0x0)\Pci(0x17,0x0)\Sata(0x2,0xFFFF,0x0)
44:659  0:000  - [01]: Volume: PciRoot(0x0)\Pci(0x17,0x0)\Sata(0x2,0xFFFF,0x0)\HD(1,GPT,17857468-A185-4059-850C-C56C76B3CE74,0x800,0x74706000)
44:660  0:000          Result of bootcode detection: bootable Windows (vista,win)
44:660  0:000          hiding this volume
44:660  0:000  - [02]: Volume: PciRoot(0x0)\Pci(0x1D,0x0)\Pci(0x0,0x0)\NVMe(0x1,F9-17-B1-81-59-38-25-00)
44:660  0:000  - [03]: Volume: PciRoot(0x0)\Pci(0x1D,0x0)\Pci(0x0,0x0)\NVMe(0x1,F9-17-B1-81-59-38-25-00)\HD(1,GPT,57FA67A1-B541-4212-A034-E1B556E1F32F,0x800,0x96000)
44:660  0:000          Result of bootcode detection: bootable Windows (vista,win)
44:660  0:000          This is SelfVolume !!
44:660  0:000  - [04]: Volume: PciRoot(0x0)\Pci(0x1D,0x0)\Pci(0x0,0x0)\NVMe(0x1,F9-17-B1-81-59-38-25-00)\HD(2,GPT,FCC5EBAC-FC24-4E10-B2B5-9E00CBAB00AD,0x96800,0xA000)
44:660  0:000          hiding this volume
44:660  0:000  - [05]: Volume: PciRoot(0x0)\Pci(0x1D,0x0)\Pci(0x0,0x0)\NVMe(0x1,F9-17-B1-81-59-38-25-00)\HD(3,GPT,036D3311-4D0A-4D58-9D8A-013B13C02F5E,0xA0800,0x10924800)
44:660  0:000          Result of bootcode detection: bootable Windows (vista,win)
44:660  0:000          hiding this volume
44:660  0:000  - [06]: Volume: PciRoot(0x0)\Pci(0x1D,0x0)\Pci(0x0,0x0)\NVMe(0x1,F9-17-B1-81-59-38-25-00)\HD(4,GPT,7461C9D8-0F1D-48C3-882F-581343B20ED7,0x109C5000,0xC800948)
44:660  0:000          Result of bootcode detection: bootable unknown (legacy)
44:660  0:000          hiding this volume
44:660  0:000  - [07]: Volume: PciRoot(0x0)\Pci(0x1D,0x0)\Pci(0x0,0x0)\NVMe(0x1,F9-17-B1-81-59-38-25-00)\HD(4,GPT,7461C9D8-0F1D-48C3-882F-581343B20ED7,0x109C5000,0xC800948)\VenMedia(BE74FCF7-0B7C-49F3-9147-01F4042E6842,9AABEA3F7F3C8C449E218E242649AD67)
44:660  0:000          hiding this volume
44:660  0:000  - [08]: Volume: PciRoot(0x0)\Pci(0x1D,0x0)\Pci(0x0,0x0)\NVMe(0x1,F9-17-B1-81-59-38-25-00)\HD(4,GPT,7461C9D8-0F1D-48C3-882F-581343B20ED7,0x109C5000,0xC800948)\VenMedia(BE74FCF7-0B7C-49F3-9147-01F4042E6842,AC315F86C3DC463295275D7AA26F0589)
44:661  0:000  - [09]: Volume: PciRoot(0x0)\Pci(0x1D,0x0)\Pci(0x0,0x0)\NVMe(0x1,F9-17-B1-81-59-38-25-00)\HD(4,GPT,7461C9D8-0F1D-48C3-882F-581343B20ED7,0x109C5000,0xC800948)\VenMedia(BE74FCF7-0B7C-49F3-9147-01F4042E6842,1E3B51BB74E8D94AB43286E140CD64EB)
44:661  0:000          hiding this volume
44:661  0:000  - [10]: Volume: PciRoot(0x0)\Pci(0x1D,0x0)\Pci(0x0,0x0)\NVMe(0x1,F9-17-B1-81-59-38-25-00)\HD(4,GPT,7461C9D8-0F1D-48C3-882F-581343B20ED7,0x109C5000,0xC800948)\VenMedia(BE74FCF7-0B7C-49F3-9147-01F4042E6842,701EBB07FDEBFF49AB6BE84A16332101)
44:661  0:000  found 2 handles with audio
44:661  0:000  No AudioIoDevice stored
44:661  0:000  no stored audio parameters
44:661  0:000  theme inited
44:661  0:000  Chosen theme Catalina
44:662  0:000  after NVRAM boot-args=abm_firstpolldelay=10000 -wegnoegpu brcmfx-country=HK
44:662  0:000  === [ ScanLoader ] ========================================
44:662  0:000  - [03]: 'EFI'
44:663  0:000          AddLoaderEntry for Volume Name=EFI
44:684  0:021          AddLoaderEntry for Volume Name=EFI
44:684  0:000          skipped because entry is hidden
44:684  0:000  - [07]: 'Preboot', hidden
44:684  0:000  - [08]: 'Mac'
44:685  0:000          AddLoaderEntry for Volume Name=Mac
44:685  0:000      Check if volume Is Hibernated:
44:685  0:000      Check sleep image 'by signature':
44:685  0:000      read prefs \Library\Preferences\com.apple.PowerManagement.plist status=Success
44:685  0:000      using default sleep image name = \private\var\vm\sleepimage
44:685  0:000      sleepimage not found -> Not Found
44:685  0:000      hibernated: no - sign
44:705  0:019  - [09]: 'Recovery', hidden
44:705  0:000  - [10]: 'VM'
44:723  0:018  Scanning legacy ...
44:723  0:000   1: 'Legacy HD1' (vista,win) hidden
44:723  0:000   3: 'EFI' (vista,win) add legacy
44:723  0:000   added 'Boot Windows from EFI' OSType=2 Icon=vista,win
44:723  0:000   5: 'Legacy HD3' (vista,win) hidden
44:723  0:000  === [ AddCustomTool ] =====================================
44:724  0:000  found tool \EFI\CLOVER\tools\Shell64U.efi
44:724  0:000  Checking EFI partition Volume 3 for Clover
44:724  0:000   Found Clover
44:724  0:000  EmuVariable UninstallEmulation: CloseEvent = Invalid Parameter, original var services restored
44:724  0:000  EmuVariable InstallEmulation: orig vars copied, emu.var.services installed, CreateEvent VirtualAddressChange = Success, CreateEvent ExitBootServices = Success, set Status=Success
44:812  0:088  === [ GetEfiBootDeviceFromNvram ] =========================
44:812  0:000  Default boot entry not found
44:812  0:000  EmuVariable UninstallEmulation: CloseEvent = Success, original var services restored
44:812  0:000  DefaultIndex=-1 and MainMenu.EntryCount=9
45:098  0:285  can't bear mouse at all! Status=Unsupported
45:528  0:430  exit from MainMenu 8
45:529  0:000  ReinitSelfLib after theme change
45:529  0:000  reinit: self device path=PciRoot(0x0)\Pci(0x1D,0x0)\Pci(0x0,0x0)\NVMe(0x1,F9-17-B1-81-59-38-25-00)\HD(1,GPT,57FA67A1-B541-4212-A034-E1B556E1F32F,0x800,0x96000)
45:529  0:000  === [ ScanVolumes ] =======================================
45:529  0:000  Found 11 volumes with blockIO
45:529  0:000  - [00]: Volume: PciRoot(0x0)\Pci(0x17,0x0)\Sata(0x2,0xFFFF,0x0)
45:530  0:000  - [01]: Volume: PciRoot(0x0)\Pci(0x17,0x0)\Sata(0x2,0xFFFF,0x0)\HD(1,GPT,17857468-A185-4059-850C-C56C76B3CE74,0x800,0x74706000)
45:530  0:000          Result of bootcode detection: bootable Windows (vista,win)
45:530  0:000  - [02]: Volume: PciRoot(0x0)\Pci(0x1D,0x0)\Pci(0x0,0x0)\NVMe(0x1,F9-17-B1-81-59-38-25-00)
45:530  0:000  - [03]: Volume: PciRoot(0x0)\Pci(0x1D,0x0)\Pci(0x0,0x0)\NVMe(0x1,F9-17-B1-81-59-38-25-00)\HD(1,GPT,57FA67A1-B541-4212-A034-E1B556E1F32F,0x800,0x96000)
45:531  0:000          Result of bootcode detection: bootable Windows (vista,win)
45:531  0:000          This is SelfVolume !!
45:531  0:000  - [04]: Volume: PciRoot(0x0)\Pci(0x1D,0x0)\Pci(0x0,0x0)\NVMe(0x1,F9-17-B1-81-59-38-25-00)\HD(2,GPT,FCC5EBAC-FC24-4E10-B2B5-9E00CBAB00AD,0x96800,0xA000)
45:531  0:000  - [05]: Volume: PciRoot(0x0)\Pci(0x1D,0x0)\Pci(0x0,0x0)\NVMe(0x1,F9-17-B1-81-59-38-25-00)\HD(3,GPT,036D3311-4D0A-4D58-9D8A-013B13C02F5E,0xA0800,0x10924800)
45:531  0:000          Result of bootcode detection: bootable Windows (vista,win)
45:531  0:000  - [06]: Volume: PciRoot(0x0)\Pci(0x1D,0x0)\Pci(0x0,0x0)\NVMe(0x1,F9-17-B1-81-59-38-25-00)\HD(4,GPT,7461C9D8-0F1D-48C3-882F-581343B20ED7,0x109C5000,0xC800948)
45:531  0:000          Result of bootcode detection: bootable unknown (legacy)
45:531  0:000  - [07]: Volume: PciRoot(0x0)\Pci(0x1D,0x0)\Pci(0x0,0x0)\NVMe(0x1,F9-17-B1-81-59-38-25-00)\HD(4,GPT,7461C9D8-0F1D-48C3-882F-581343B20ED7,0x109C5000,0xC800948)\VenMedia(BE74FCF7-0B7C-49F3-9147-01F4042E6842,9AABEA3F7F3C8C449E218E242649AD67)
45:531  0:000  - [08]: Volume: PciRoot(0x0)\Pci(0x1D,0x0)\Pci(0x0,0x0)\NVMe(0x1,F9-17-B1-81-59-38-25-00)\HD(4,GPT,7461C9D8-0F1D-48C3-882F-581343B20ED7,0x109C5000,0xC800948)\VenMedia(BE74FCF7-0B7C-49F3-9147-01F4042E6842,AC315F86C3DC463295275D7AA26F0589)
45:531  0:000  - [09]: Volume: PciRoot(0x0)\Pci(0x1D,0x0)\Pci(0x0,0x0)\NVMe(0x1,F9-17-B1-81-59-38-25-00)\HD(4,GPT,7461C9D8-0F1D-48C3-882F-581343B20ED7,0x109C5000,0xC800948)\VenMedia(BE74FCF7-0B7C-49F3-9147-01F4042E6842,1E3B51BB74E8D94AB43286E140CD64EB)
45:531  0:000  - [10]: Volume: PciRoot(0x0)\Pci(0x1D,0x0)\Pci(0x0,0x0)\NVMe(0x1,F9-17-B1-81-59-38-25-00)\HD(4,GPT,7461C9D8-0F1D-48C3-882F-581343B20ED7,0x109C5000,0xC800948)\VenMedia(BE74FCF7-0B7C-49F3-9147-01F4042E6842,701EBB07FDEBFF49AB6BE84A16332101)
45:532  0:000  found 2 handles with audio
45:532  0:000  No AudioIoDevice stored
45:532  0:000  no stored audio parameters
45:532  0:000  theme inited
45:532  0:000  Chosen theme Catalina
45:533  0:000  after NVRAM boot-args=abm_firstpolldelay=10000 -wegnoegpu brcmfx-country=HK
45:533  0:000  === [ ScanLoader ] ========================================
45:533  0:000  - [03]: 'EFI'
45:534  0:000          AddLoaderEntry for Volume Name=EFI
45:555  0:021          AddLoaderEntry for Volume Name=EFI
45:555  0:000  - [07]: 'Preboot'
45:555  0:000          AddLoaderEntry for Volume Name=Preboot
45:556  0:000      Check if volume Is Hibernated:
45:556  0:000      Check sleep image 'by signature':
45:556  0:000      using default sleep image name = \private\var\vm\sleepimage
45:556  0:000      sleepimage not found -> Not Found
45:556  0:000      hibernated: no - sign
45:557  0:001          AddLoaderEntry for Volume Name=Preboot
45:577  0:019  - [08]: 'Mac'
45:578  0:000          AddLoaderEntry for Volume Name=Mac
45:578  0:000      Check if volume Is Hibernated:
45:578  0:000      Check sleep image 'by signature':
45:578  0:000      read prefs \Library\Preferences\com.apple.PowerManagement.plist status=Success
45:578  0:000      using default sleep image name = \private\var\vm\sleepimage
45:578  0:000      sleepimage not found -> Not Found
45:578  0:000      hibernated: no - sign
45:598  0:019  - [09]: 'Recovery'
45:598  0:000          AddLoaderEntry for Volume Name=Recovery
45:618  0:019  - [10]: 'VM'
45:636  0:018  Scanning legacy ...
45:636  0:000   1: 'Legacy HD1' (vista,win) add legacy
45:636  0:000   added 'Boot Windows from Legacy HD1' OSType=2 Icon=vista,win
45:636  0:000   3: 'EFI' (vista,win) add legacy
45:637  0:000   added 'Boot Windows from EFI' OSType=2 Icon=vista,win
45:637  0:000   5: 'Legacy HD3' (vista,win) add legacy
45:638  0:000   added 'Boot Windows from Legacy HD3' OSType=2 Icon=vista,win
45:638  0:000  === [ AddCustomTool ] =====================================
45:638  0:000  found tool \EFI\CLOVER\tools\Shell64U.efi
45:638  0:000  Checking EFI partition Volume 3 for Clover
45:638  0:000   Found Clover
45:638  0:000  EmuVariable UninstallEmulation: CloseEvent = Invalid Parameter, original var services restored
45:638  0:000  EmuVariable InstallEmulation: orig vars copied, emu.var.services installed, CreateEvent VirtualAddressChange = Success, CreateEvent ExitBootServices = Success, set Status=Success
45:727  0:088  === [ GetEfiBootDeviceFromNvram ] =========================
45:727  0:000  Default boot entry not found
45:727  0:000  EmuVariable UninstallEmulation: CloseEvent = Success, original var services restored
45:727  0:000  DefaultIndex=-1 and MainMenu.EntryCount=15
46:017  0:289  can't bear mouse at all! Status=Unsupported
47:701  1:684  can't bear mouse at sel! Status=Unsupported
50:790  3:088  can't bear mouse at sel! Status=Unsupported
51:227  0:436  can't bear mouse at sel! Status=Unsupported
51:846  0:619  can't bear mouse at sel! Status=Unsupported
51:898  0:051  can't bear mouse at sel! Status=Unsupported
52:126  0:228  can't bear mouse at sel! Status=Unsupported
52:374  0:247  can't bear mouse at sel! Status=Unsupported
52:802  0:428  can't bear mouse at sel! Status=Unsupported
53:225  0:422  can't bear mouse at sel! Status=Unsupported
53:773  0:547  can't bear mouse at sel! Status=Unsupported
54:208  0:435  can't bear mouse at sel! Status=Unsupported
54:830  0:622  can't bear mouse at sel! Status=Unsupported
54:862  0:031  can't bear mouse at sel! Status=Unsupported
54:893  0:031  can't bear mouse at sel! Status=Unsupported
54:944  0:051  can't bear mouse at sel! Status=Unsupported
56:093  1:148  exit from MainMenu 8
56:093  0:000  ReinitSelfLib after theme change
56:093  0:000  reinit: self device path=PciRoot(0x0)\Pci(0x1D,0x0)\Pci(0x0,0x0)\NVMe(0x1,F9-17-B1-81-59-38-25-00)\HD(1,GPT,57FA67A1-B541-4212-A034-E1B556E1F32F,0x800,0x96000)
56:094  0:000  === [ ScanVolumes ] =======================================
56:094  0:000  Found 11 volumes with blockIO
56:094  0:000  - [00]: Volume: PciRoot(0x0)\Pci(0x17,0x0)\Sata(0x2,0xFFFF,0x0)
56:094  0:000  - [01]: Volume: PciRoot(0x0)\Pci(0x17,0x0)\Sata(0x2,0xFFFF,0x0)\HD(1,GPT,17857468-A185-4059-850C-C56C76B3CE74,0x800,0x74706000)
56:095  0:000          Result of bootcode detection: bootable Windows (vista,win)
56:095  0:000          hiding this volume
56:095  0:000  - [02]: Volume: PciRoot(0x0)\Pci(0x1D,0x0)\Pci(0x0,0x0)\NVMe(0x1,F9-17-B1-81-59-38-25-00)
56:095  0:000  - [03]: Volume: PciRoot(0x0)\Pci(0x1D,0x0)\Pci(0x0,0x0)\NVMe(0x1,F9-17-B1-81-59-38-25-00)\HD(1,GPT,57FA67A1-B541-4212-A034-E1B556E1F32F,0x800,0x96000)
56:095  0:000          Result of bootcode detection: bootable Windows (vista,win)
56:095  0:000          This is SelfVolume !!
56:095  0:000  - [04]: Volume: PciRoot(0x0)\Pci(0x1D,0x0)\Pci(0x0,0x0)\NVMe(0x1,F9-17-B1-81-59-38-25-00)\HD(2,GPT,FCC5EBAC-FC24-4E10-B2B5-9E00CBAB00AD,0x96800,0xA000)
56:095  0:000          hiding this volume
56:095  0:000  - [05]: Volume: PciRoot(0x0)\Pci(0x1D,0x0)\Pci(0x0,0x0)\NVMe(0x1,F9-17-B1-81-59-38-25-00)\HD(3,GPT,036D3311-4D0A-4D58-9D8A-013B13C02F5E,0xA0800,0x10924800)
56:095  0:000          Result of bootcode detection: bootable Windows (vista,win)
56:095  0:000          hiding this volume
56:095  0:000  - [06]: Volume: PciRoot(0x0)\Pci(0x1D,0x0)\Pci(0x0,0x0)\NVMe(0x1,F9-17-B1-81-59-38-25-00)\HD(4,GPT,7461C9D8-0F1D-48C3-882F-581343B20ED7,0x109C5000,0xC800948)
56:096  0:000          Result of bootcode detection: bootable unknown (legacy)
56:096  0:000          hiding this volume
56:096  0:000  - [07]: Volume: PciRoot(0x0)\Pci(0x1D,0x0)\Pci(0x0,0x0)\NVMe(0x1,F9-17-B1-81-59-38-25-00)\HD(4,GPT,7461C9D8-0F1D-48C3-882F-581343B20ED7,0x109C5000,0xC800948)\VenMedia(BE74FCF7-0B7C-49F3-9147-01F4042E6842,9AABEA3F7F3C8C449E218E242649AD67)
56:096  0:000          hiding this volume
56:096  0:000  - [08]: Volume: PciRoot(0x0)\Pci(0x1D,0x0)\Pci(0x0,0x0)\NVMe(0x1,F9-17-B1-81-59-38-25-00)\HD(4,GPT,7461C9D8-0F1D-48C3-882F-581343B20ED7,0x109C5000,0xC800948)\VenMedia(BE74FCF7-0B7C-49F3-9147-01F4042E6842,AC315F86C3DC463295275D7AA26F0589)
56:096  0:000  - [09]: Volume: PciRoot(0x0)\Pci(0x1D,0x0)\Pci(0x0,0x0)\NVMe(0x1,F9-17-B1-81-59-38-25-00)\HD(4,GPT,7461C9D8-0F1D-48C3-882F-581343B20ED7,0x109C5000,0xC800948)\VenMedia(BE74FCF7-0B7C-49F3-9147-01F4042E6842,1E3B51BB74E8D94AB43286E140CD64EB)
56:096  0:000          hiding this volume
56:096  0:000  - [10]: Volume: PciRoot(0x0)\Pci(0x1D,0x0)\Pci(0x0,0x0)\NVMe(0x1,F9-17-B1-81-59-38-25-00)\HD(4,GPT,7461C9D8-0F1D-48C3-882F-581343B20ED7,0x109C5000,0xC800948)\VenMedia(BE74FCF7-0B7C-49F3-9147-01F4042E6842,701EBB07FDEBFF49AB6BE84A16332101)
56:096  0:000  found 2 handles with audio
56:096  0:000  No AudioIoDevice stored
56:096  0:000  no stored audio parameters
56:096  0:000  theme inited
56:096  0:000  Chosen theme Catalina
56:097  0:000  after NVRAM boot-args=abm_firstpolldelay=10000 -wegnoegpu brcmfx-country=HK
56:097  0:000  === [ ScanLoader ] ========================================
56:097  0:000  - [03]: 'EFI'
56:098  0:000          AddLoaderEntry for Volume Name=EFI
56:119  0:020          AddLoaderEntry for Volume Name=EFI
56:119  0:000          skipped because entry is hidden
56:119  0:000  - [07]: 'Preboot', hidden
56:119  0:000  - [08]: 'Mac'
56:119  0:000          AddLoaderEntry for Volume Name=Mac
56:120  0:000      Check if volume Is Hibernated:
56:120  0:000      Check sleep image 'by signature':
56:120  0:000      read prefs \Library\Preferences\com.apple.PowerManagement.plist status=Success
56:120  0:000      using default sleep image name = \private\var\vm\sleepimage
56:120  0:000      sleepimage not found -> Not Found
56:120  0:000      hibernated: no - sign
56:140  0:019  - [09]: 'Recovery', hidden
56:140  0:000  - [10]: 'VM'
56:158  0:018  Scanning legacy ...
56:158  0:000   1: 'Legacy HD1' (vista,win) hidden
56:158  0:000   3: 'EFI' (vista,win) add legacy
56:158  0:000   added 'Boot Windows from EFI' OSType=2 Icon=vista,win
56:158  0:000   5: 'Legacy HD3' (vista,win) hidden
56:158  0:000  === [ AddCustomTool ] =====================================
56:159  0:000  found tool \EFI\CLOVER\tools\Shell64U.efi
56:159  0:000  Checking EFI partition Volume 3 for Clover
56:159  0:000   Found Clover
56:159  0:000  EmuVariable UninstallEmulation: CloseEvent = Invalid Parameter, original var services restored
56:159  0:000  EmuVariable InstallEmulation: orig vars copied, emu.var.services installed, CreateEvent VirtualAddressChange = Success, CreateEvent ExitBootServices = Success, set Status=Success
56:248  0:089  === [ GetEfiBootDeviceFromNvram ] =========================
56:248  0:000  Default boot entry not found
56:248  0:000  EmuVariable UninstallEmulation: CloseEvent = Success, original var services restored
56:248  0:000  DefaultIndex=-1 and MainMenu.EntryCount=9
56:533  0:284  can't bear mouse at all! Status=Unsupported
57:346  0:812  can't bear mouse at sel! Status=Unsupported
57:747  0:401  can't bear mouse at sel! Status=Unsupported
59:030  1:283  exit from MainMenu 7
60:970  1:939  can't bear mouse at all! Status=Unsupported
98:413  37:442  can't bear mouse at sel! Status=Unsupported
99:006  0:592  can't bear mouse at sel! Status=Unsupported
100:204  1:198  exit from MainMenu 7
101:658  1:453  can't bear mouse at all! Status=Unsupported
